mode: set
github.com/grafana/grafana-kiosk/pkg/kiosk/anonymous_login.go:14.41,16.16 2 0
github.com/grafana/grafana-kiosk/pkg/kiosk/anonymous_login.go:19.2,48.46 8 0
github.com/grafana/grafana-kiosk/pkg/kiosk/anonymous_login.go:53.2,65.16 4 0
github.com/grafana/grafana-kiosk/pkg/kiosk/anonymous_login.go:68.2,71.24 3 0
github.com/grafana/grafana-kiosk/pkg/kiosk/anonymous_login.go:16.16,17.13 1 0
github.com/grafana/grafana-kiosk/pkg/kiosk/anonymous_login.go:48.46,49.13 1 0
github.com/grafana/grafana-kiosk/pkg/kiosk/anonymous_login.go:65.16,66.13 1 0
github.com/grafana/grafana-kiosk/pkg/kiosk/grafana_com_login.go:15.36,17.16 2 0
github.com/grafana/grafana-kiosk/pkg/kiosk/grafana_com_login.go:20.2,47.46 8 0
github.com/grafana/grafana-kiosk/pkg/kiosk/grafana_com_login.go:51.2,65.51 3 0
github.com/grafana/grafana-kiosk/pkg/kiosk/grafana_com_login.go:83.2,90.16 2 0
github.com/grafana/grafana-kiosk/pkg/kiosk/grafana_com_login.go:17.16,18.13 1 0
github.com/grafana/grafana-kiosk/pkg/kiosk/grafana_com_login.go:47.46,48.13 1 0
github.com/grafana/grafana-kiosk/pkg/kiosk/grafana_com_login.go:65.51,68.4 2 0
github.com/grafana/grafana-kiosk/pkg/kiosk/grafana_com_login.go:70.51,73.4 2 0
github.com/grafana/grafana-kiosk/pkg/kiosk/grafana_com_login.go:75.51,78.4 2 0
github.com/grafana/grafana-kiosk/pkg/kiosk/grafana_com_login.go:79.16,80.13 1 0
github.com/grafana/grafana-kiosk/pkg/kiosk/grafana_com_login.go:90.16,91.13 1 0
github.com/grafana/grafana-kiosk/pkg/kiosk/listen_chrome_events.go:19.71,20.54 1 0
github.com/grafana/grafana-kiosk/pkg/kiosk/listen_chrome_events.go:20.54,21.26 1 0
github.com/grafana/grafana-kiosk/pkg/kiosk/listen_chrome_events.go:22.39,23.34 1 0
github.com/grafana/grafana-kiosk/pkg/kiosk/listen_chrome_events.go:29.38,30.33 1 0
github.com/grafana/grafana-kiosk/pkg/kiosk/listen_chrome_events.go:23.34,25.33 2 0
github.com/grafana/grafana-kiosk/pkg/kiosk/listen_chrome_events.go:25.33,27.6 1 0
github.com/grafana/grafana-kiosk/pkg/kiosk/listen_chrome_events.go:30.33,32.15 2 0
github.com/grafana/grafana-kiosk/pkg/kiosk/listen_chrome_events.go:32.15,34.6 1 0
github.com/grafana/grafana-kiosk/pkg/cmd/grafana-kiosk/main.go:36.40,57.19 19 0
github.com/grafana/grafana-kiosk/pkg/cmd/grafana-kiosk/main.go:64.2,65.16 2 0
github.com/grafana/grafana-kiosk/pkg/cmd/grafana-kiosk/main.go:68.2,68.10 1 0
github.com/grafana/grafana-kiosk/pkg/cmd/grafana-kiosk/main.go:57.19,62.3 4 0
github.com/grafana/grafana-kiosk/pkg/cmd/grafana-kiosk/main.go:65.16,67.3 1 0
github.com/grafana/grafana-kiosk/pkg/cmd/grafana-kiosk/main.go:71.23,74.22 2 0
github.com/grafana/grafana-kiosk/pkg/cmd/grafana-kiosk/main.go:79.2,82.25 3 0
github.com/grafana/grafana-kiosk/pkg/cmd/grafana-kiosk/main.go:89.2,89.43 1 0
github.com/grafana/grafana-kiosk/pkg/cmd/grafana-kiosk/main.go:74.22,78.3 3 0
github.com/grafana/grafana-kiosk/pkg/cmd/grafana-kiosk/main.go:82.25,88.3 4 0
github.com/grafana/grafana-kiosk/pkg/cmd/grafana-kiosk/main.go:92.33,110.2 14 0
github.com/grafana/grafana-kiosk/pkg/cmd/grafana-kiosk/main.go:112.13,117.27 3 0
github.com/grafana/grafana-kiosk/pkg/cmd/grafana-kiosk/main.go:148.2,150.26 2 0
github.com/grafana/grafana-kiosk/pkg/cmd/grafana-kiosk/main.go:154.2,155.16 2 0
github.com/grafana/grafana-kiosk/pkg/cmd/grafana-kiosk/main.go:158.2,160.29 2 0
github.com/grafana/grafana-kiosk/pkg/cmd/grafana-kiosk/main.go:165.2,168.32 3 0
github.com/grafana/grafana-kiosk/pkg/cmd/grafana-kiosk/main.go:117.27,119.68 1 0
github.com/grafana/grafana-kiosk/pkg/cmd/grafana-kiosk/main.go:119.68,122.4 2 0
github.com/grafana/grafana-kiosk/pkg/cmd/grafana-kiosk/main.go:122.9,124.4 1 0
github.com/grafana/grafana-kiosk/pkg/cmd/grafana-kiosk/main.go:125.8,128.48 2 0
github.com/grafana/grafana-kiosk/pkg/cmd/grafana-kiosk/main.go:131.3,146.48 14 0
github.com/grafana/grafana-kiosk/pkg/cmd/grafana-kiosk/main.go:128.48,130.4 1 0
github.com/grafana/grafana-kiosk/pkg/cmd/grafana-kiosk/main.go:150.26,152.3 1 0
github.com/grafana/grafana-kiosk/pkg/cmd/grafana-kiosk/main.go:155.16,156.13 1 0
github.com/grafana/grafana-kiosk/pkg/cmd/grafana-kiosk/main.go:160.29,162.3 1 0
github.com/grafana/grafana-kiosk/pkg/cmd/grafana-kiosk/main.go:169.15,171.32 2 0
github.com/grafana/grafana-kiosk/pkg/cmd/grafana-kiosk/main.go:172.14,174.31 2 0
github.com/grafana/grafana-kiosk/pkg/cmd/grafana-kiosk/main.go:175.16,177.39 2 0
github.com/grafana/grafana-kiosk/pkg/cmd/grafana-kiosk/main.go:178.10,180.36 2 0
github.com/grafana/grafana-kiosk/pkg/kiosk/grafana_genericoauth_login.go:15.44,17.16 2 0
github.com/grafana/grafana-kiosk/pkg/kiosk/grafana_genericoauth_login.go:20.2,47.46 8 0
github.com/grafana/grafana-kiosk/pkg/kiosk/grafana_genericoauth_login.go:51.2,61.26 4 0
github.com/grafana/grafana-kiosk/pkg/kiosk/grafana_genericoauth_login.go:78.2,85.16 2 0
github.com/grafana/grafana-kiosk/pkg/kiosk/grafana_genericoauth_login.go:17.16,18.13 1 0
github.com/grafana/grafana-kiosk/pkg/kiosk/grafana_genericoauth_login.go:47.46,48.13 1 0
github.com/grafana/grafana-kiosk/pkg/kiosk/grafana_genericoauth_login.go:61.26,64.17 1 0
github.com/grafana/grafana-kiosk/pkg/kiosk/grafana_genericoauth_login.go:64.17,65.14 1 0
github.com/grafana/grafana-kiosk/pkg/kiosk/grafana_genericoauth_login.go:67.8,72.17 1 0
github.com/grafana/grafana-kiosk/pkg/kiosk/grafana_genericoauth_login.go:72.17,73.14 1 0
github.com/grafana/grafana-kiosk/pkg/kiosk/grafana_genericoauth_login.go:85.16,86.13 1 0
github.com/grafana/grafana-kiosk/pkg/kiosk/local_login.go:15.37,17.16 2 0
github.com/grafana/grafana-kiosk/pkg/kiosk/local_login.go:20.2,49.46 8 0
github.com/grafana/grafana-kiosk/pkg/kiosk/local_login.go:53.2,70.16 4 0
github.com/grafana/grafana-kiosk/pkg/kiosk/local_login.go:17.16,18.13 1 0
github.com/grafana/grafana-kiosk/pkg/kiosk/local_login.go:49.46,50.13 1 0
github.com/grafana/grafana-kiosk/pkg/kiosk/local_login.go:70.16,71.13 1 0
github.com/grafana/grafana-kiosk/pkg/kiosk/utils.go:9.88,13.19 3 0
github.com/grafana/grafana-kiosk/pkg/kiosk/utils.go:27.2,27.16 1 0
github.com/grafana/grafana-kiosk/pkg/kiosk/utils.go:30.2,31.13 2 0
github.com/grafana/grafana-kiosk/pkg/kiosk/utils.go:34.2,34.19 1 0
github.com/grafana/grafana-kiosk/pkg/kiosk/utils.go:14.12,16.30 2 0
github.com/grafana/grafana-kiosk/pkg/kiosk/utils.go:17.14,19.38 2 0
github.com/grafana/grafana-kiosk/pkg/kiosk/utils.go:20.18,21.36 1 0
github.com/grafana/grafana-kiosk/pkg/kiosk/utils.go:22.10,24.38 2 0
github.com/grafana/grafana-kiosk/pkg/kiosk/utils.go:27.16,29.3 1 0
github.com/grafana/grafana-kiosk/pkg/kiosk/utils.go:31.13,33.3 1 0
github.com/grafana/grafana-kiosk/pkg/initialize/lxde.go:10.24,31.2 18 0
github.com/grafana/grafana-kiosk/pkg/initialize/lxde.go:33.78,44.16 7 0
github.com/grafana/grafana-kiosk/pkg/initialize/lxde.go:48.2,48.16 1 0
github.com/grafana/grafana-kiosk/pkg/initialize/lxde.go:44.16,47.3 1 0
github.com/grafana/grafana-kiosk/pkg/initialize/lxde.go:48.16,51.17 3 0
github.com/grafana/grafana-kiosk/pkg/initialize/lxde.go:51.17,53.4 1 0
github.com/grafana/grafana-kiosk/pkg/kiosk/grafana_genericoauth_login.go:15.44,17.16 2 0
github.com/grafana/grafana-kiosk/pkg/kiosk/grafana_genericoauth_login.go:20.2,47.46 8 0
github.com/grafana/grafana-kiosk/pkg/kiosk/grafana_genericoauth_login.go:51.2,61.26 4 0
github.com/grafana/grafana-kiosk/pkg/kiosk/grafana_genericoauth_login.go:78.2,85.16 2 0
github.com/grafana/grafana-kiosk/pkg/kiosk/grafana_genericoauth_login.go:17.16,18.13 1 0
github.com/grafana/grafana-kiosk/pkg/kiosk/grafana_genericoauth_login.go:47.46,48.13 1 0
github.com/grafana/grafana-kiosk/pkg/kiosk/grafana_genericoauth_login.go:61.26,64.17 1 0
github.com/grafana/grafana-kiosk/pkg/kiosk/grafana_genericoauth_login.go:64.17,65.14 1 0
github.com/grafana/grafana-kiosk/pkg/kiosk/grafana_genericoauth_login.go:67.8,72.17 1 0
github.com/grafana/grafana-kiosk/pkg/kiosk/grafana_genericoauth_login.go:72.17,73.14 1 0
github.com/grafana/grafana-kiosk/pkg/kiosk/grafana_genericoauth_login.go:85.16,86.13 1 0
github.com/grafana/grafana-kiosk/pkg/kiosk/listen_chrome_events.go:19.71,20.54 1 0
github.com/grafana/grafana-kiosk/pkg/kiosk/listen_chrome_events.go:20.54,21.26 1 0
github.com/grafana/grafana-kiosk/pkg/kiosk/listen_chrome_events.go:22.39,23.34 1 0
github.com/grafana/grafana-kiosk/pkg/kiosk/listen_chrome_events.go:29.38,30.33 1 0
github.com/grafana/grafana-kiosk/pkg/kiosk/listen_chrome_events.go:23.34,25.33 2 0
github.com/grafana/grafana-kiosk/pkg/kiosk/listen_chrome_events.go:25.33,27.6 1 0
github.com/grafana/grafana-kiosk/pkg/kiosk/listen_chrome_events.go:30.33,32.15 2 0
github.com/grafana/grafana-kiosk/pkg/kiosk/listen_chrome_events.go:32.15,34.6 1 0
github.com/grafana/grafana-kiosk/pkg/kiosk/local_login.go:15.37,17.16 2 0
github.com/grafana/grafana-kiosk/pkg/kiosk/local_login.go:20.2,49.46 8 0
github.com/grafana/grafana-kiosk/pkg/kiosk/local_login.go:53.2,70.16 4 0
github.com/grafana/grafana-kiosk/pkg/kiosk/local_login.go:17.16,18.13 1 0
github.com/grafana/grafana-kiosk/pkg/kiosk/local_login.go:49.46,50.13 1 0
github.com/grafana/grafana-kiosk/pkg/kiosk/local_login.go:70.16,71.13 1 0
github.com/grafana/grafana-kiosk/pkg/kiosk/utils.go:9.88,13.19 3 0
github.com/grafana/grafana-kiosk/pkg/kiosk/utils.go:27.2,27.16 1 0
github.com/grafana/grafana-kiosk/pkg/kiosk/utils.go:30.2,31.13 2 0
github.com/grafana/grafana-kiosk/pkg/kiosk/utils.go:34.2,34.19 1 0
github.com/grafana/grafana-kiosk/pkg/kiosk/utils.go:14.12,16.30 2 0
github.com/grafana/grafana-kiosk/pkg/kiosk/utils.go:17.14,19.38 2 0
github.com/grafana/grafana-kiosk/pkg/kiosk/utils.go:20.18,21.36 1 0
github.com/grafana/grafana-kiosk/pkg/kiosk/utils.go:22.10,24.38 2 0
github.com/grafana/grafana-kiosk/pkg/kiosk/utils.go:27.16,29.3 1 0
github.com/grafana/grafana-kiosk/pkg/kiosk/utils.go:31.13,33.3 1 0
github.com/grafana/grafana-kiosk/pkg/cmd/grafana-kiosk/main.go:36.40,57.19 19 0
github.com/grafana/grafana-kiosk/pkg/cmd/grafana-kiosk/main.go:64.2,65.16 2 0
github.com/grafana/grafana-kiosk/pkg/cmd/grafana-kiosk/main.go:68.2,68.10 1 0
github.com/grafana/grafana-kiosk/pkg/cmd/grafana-kiosk/main.go:57.19,62.3 4 0
github.com/grafana/grafana-kiosk/pkg/cmd/grafana-kiosk/main.go:65.16,67.3 1 0
github.com/grafana/grafana-kiosk/pkg/cmd/grafana-kiosk/main.go:71.23,74.22 2 0
github.com/grafana/grafana-kiosk/pkg/cmd/grafana-kiosk/main.go:79.2,82.25 3 0
github.com/grafana/grafana-kiosk/pkg/cmd/grafana-kiosk/main.go:89.2,89.43 1 0
github.com/grafana/grafana-kiosk/pkg/cmd/grafana-kiosk/main.go:74.22,78.3 3 0
github.com/grafana/grafana-kiosk/pkg/cmd/grafana-kiosk/main.go:82.25,88.3 4 0
github.com/grafana/grafana-kiosk/pkg/cmd/grafana-kiosk/main.go:92.33,110.2 14 0
github.com/grafana/grafana-kiosk/pkg/cmd/grafana-kiosk/main.go:112.13,117.27 3 0
github.com/grafana/grafana-kiosk/pkg/cmd/grafana-kiosk/main.go:148.2,150.26 2 0
github.com/grafana/grafana-kiosk/pkg/cmd/grafana-kiosk/main.go:154.2,155.16 2 0
github.com/grafana/grafana-kiosk/pkg/cmd/grafana-kiosk/main.go:158.2,160.29 2 0
github.com/grafana/grafana-kiosk/pkg/cmd/grafana-kiosk/main.go:165.2,168.32 3 0
github.com/grafana/grafana-kiosk/pkg/cmd/grafana-kiosk/main.go:117.27,119.68 1 0
github.com/grafana/grafana-kiosk/pkg/cmd/grafana-kiosk/main.go:119.68,122.4 2 0
github.com/grafana/grafana-kiosk/pkg/cmd/grafana-kiosk/main.go:122.9,124.4 1 0
github.com/grafana/grafana-kiosk/pkg/cmd/grafana-kiosk/main.go:125.8,128.48 2 0
github.com/grafana/grafana-kiosk/pkg/cmd/grafana-kiosk/main.go:131.3,146.48 14 0
github.com/grafana/grafana-kiosk/pkg/cmd/grafana-kiosk/main.go:128.48,130.4 1 0
github.com/grafana/grafana-kiosk/pkg/cmd/grafana-kiosk/main.go:150.26,152.3 1 0
github.com/grafana/grafana-kiosk/pkg/cmd/grafana-kiosk/main.go:155.16,156.13 1 0
github.com/grafana/grafana-kiosk/pkg/cmd/grafana-kiosk/main.go:160.29,162.3 1 0
github.com/grafana/grafana-kiosk/pkg/cmd/grafana-kiosk/main.go:169.15,171.32 2 0
github.com/grafana/grafana-kiosk/pkg/cmd/grafana-kiosk/main.go:172.14,174.31 2 0
github.com/grafana/grafana-kiosk/pkg/cmd/grafana-kiosk/main.go:175.16,177.39 2 0
github.com/grafana/grafana-kiosk/pkg/cmd/grafana-kiosk/main.go:178.10,180.36 2 0
github.com/grafana/grafana-kiosk/pkg/initialize/lxde.go:10.24,31.2 18 0
github.com/grafana/grafana-kiosk/pkg/initialize/lxde.go:33.78,44.16 7 0
github.com/grafana/grafana-kiosk/pkg/initialize/lxde.go:48.2,48.16 1 0
github.com/grafana/grafana-kiosk/pkg/initialize/lxde.go:44.16,47.3 1 0
github.com/grafana/grafana-kiosk/pkg/initialize/lxde.go:48.16,51.17 3 0
github.com/grafana/grafana-kiosk/pkg/initialize/lxde.go:51.17,53.4 1 0
github.com/grafana/grafana-kiosk/pkg/kiosk/anonymous_login.go:14.41,16.16 2 0
github.com/grafana/grafana-kiosk/pkg/kiosk/anonymous_login.go:19.2,48.46 8 0
github.com/grafana/grafana-kiosk/pkg/kiosk/anonymous_login.go:53.2,65.16 4 0
github.com/grafana/grafana-kiosk/pkg/kiosk/anonymous_login.go:68.2,71.24 3 0
github.com/grafana/grafana-kiosk/pkg/kiosk/anonymous_login.go:16.16,17.13 1 0
github.com/grafana/grafana-kiosk/pkg/kiosk/anonymous_login.go:48.46,49.13 1 0
github.com/grafana/grafana-kiosk/pkg/kiosk/anonymous_login.go:65.16,66.13 1 0
github.com/grafana/grafana-kiosk/pkg/kiosk/grafana_com_login.go:15.36,17.16 2 0
github.com/grafana/grafana-kiosk/pkg/kiosk/grafana_com_login.go:20.2,47.46 8 0
github.com/grafana/grafana-kiosk/pkg/kiosk/grafana_com_login.go:51.2,65.51 3 0
github.com/grafana/grafana-kiosk/pkg/kiosk/grafana_com_login.go:83.2,90.16 2 0
github.com/grafana/grafana-kiosk/pkg/kiosk/grafana_com_login.go:17.16,18.13 1 0
github.com/grafana/grafana-kiosk/pkg/kiosk/grafana_com_login.go:47.46,48.13 1 0
github.com/grafana/grafana-kiosk/pkg/kiosk/grafana_com_login.go:65.51,68.4 2 0
github.com/grafana/grafana-kiosk/pkg/kiosk/grafana_com_login.go:70.51,73.4 2 0
github.com/grafana/grafana-kiosk/pkg/kiosk/grafana_com_login.go:75.51,78.4 2 0
github.com/grafana/grafana-kiosk/pkg/kiosk/grafana_com_login.go:79.16,80.13 1 0
github.com/grafana/grafana-kiosk/pkg/kiosk/grafana_com_login.go:90.16,91.13 1 0
