mode: set
github.com/grafana/grafana-kiosk/pkg/initialize/lxde.go:10.24,31.2 18 0
github.com/grafana/grafana-kiosk/pkg/initialize/lxde.go:33.78,44.16 7 0
github.com/grafana/grafana-kiosk/pkg/initialize/lxde.go:48.2,48.16 1 0
github.com/grafana/grafana-kiosk/pkg/initialize/lxde.go:44.16,47.3 1 0
github.com/grafana/grafana-kiosk/pkg/initialize/lxde.go:48.16,51.17 3 0
github.com/grafana/grafana-kiosk/pkg/initialize/lxde.go:51.17,53.4 1 0
github.com/grafana/grafana-kiosk/pkg/cmd/grafana-kiosk/main.go:36.40,57.19 19 0
github.com/grafana/grafana-kiosk/pkg/cmd/grafana-kiosk/main.go:64.2,65.16 2 0
github.com/grafana/grafana-kiosk/pkg/cmd/grafana-kiosk/main.go:68.2,68.10 1 0
github.com/grafana/grafana-kiosk/pkg/cmd/grafana-kiosk/main.go:57.19,62.3 4 0
github.com/grafana/grafana-kiosk/pkg/cmd/grafana-kiosk/main.go:65.16,67.3 1 0
github.com/grafana/grafana-kiosk/pkg/cmd/grafana-kiosk/main.go:71.23,74.22 2 0
github.com/grafana/grafana-kiosk/pkg/cmd/grafana-kiosk/main.go:79.2,82.25 3 0
github.com/grafana/grafana-kiosk/pkg/cmd/grafana-kiosk/main.go:89.2,89.43 1 0
github.com/grafana/grafana-kiosk/pkg/cmd/grafana-kiosk/main.go:74.22,78.3 3 0
github.com/grafana/grafana-kiosk/pkg/cmd/grafana-kiosk/main.go:82.25,88.3 4 0
github.com/grafana/grafana-kiosk/pkg/cmd/grafana-kiosk/main.go:92.33,110.2 14 0
github.com/grafana/grafana-kiosk/pkg/cmd/grafana-kiosk/main.go:112.13,117.27 3 0
github.com/grafana/grafana-kiosk/pkg/cmd/grafana-kiosk/main.go:148.2,150.26 2 0
github.com/grafana/grafana-kiosk/pkg/cmd/grafana-kiosk/main.go:154.2,155.16 2 0
github.com/grafana/grafana-kiosk/pkg/cmd/grafana-kiosk/main.go:158.2,160.29 2 0
github.com/grafana/grafana-kiosk/pkg/cmd/grafana-kiosk/main.go:165.2,168.32 3 0
github.com/grafana/grafana-kiosk/pkg/cmd/grafana-kiosk/main.go:117.27,119.68 1 0
github.com/grafana/grafana-kiosk/pkg/cmd/grafana-kiosk/main.go:119.68,122.4 2 0
github.com/grafana/grafana-kiosk/pkg/cmd/grafana-kiosk/main.go:122.9,124.4 1 0
github.com/grafana/grafana-kiosk/pkg/cmd/grafana-kiosk/main.go:125.8,128.48 2 0
github.com/grafana/grafana-kiosk/pkg/cmd/grafana-kiosk/main.go:131.3,146.48 14 0
github.com/grafana/grafana-kiosk/pkg/cmd/grafana-kiosk/main.go:128.48,130.4 1 0
github.com/grafana/grafana-kiosk/pkg/cmd/grafana-kiosk/main.go:150.26,152.3 1 0
github.com/grafana/grafana-kiosk/pkg/cmd/grafana-kiosk/main.go:155.16,156.13 1 0
github.com/grafana/grafana-kiosk/pkg/cmd/grafana-kiosk/main.go:160.29,162.3 1 0
github.com/grafana/grafana-kiosk/pkg/cmd/grafana-kiosk/main.go:169.15,171.32 2 0
github.com/grafana/grafana-kiosk/pkg/cmd/grafana-kiosk/main.go:172.14,174.31 2 0
github.com/grafana/grafana-kiosk/pkg/cmd/grafana-kiosk/main.go:175.16,177.39 2 0
github.com/grafana/grafana-kiosk/pkg/cmd/grafana-kiosk/main.go:178.10,180.36 2 0
