mode: set
github.com/grafana/grafana-kiosk/pkg/initialize/lxde.go:10.24,29.2 18 0
github.com/grafana/grafana-kiosk/pkg/initialize/lxde.go:31.78,42.16 7 0
github.com/grafana/grafana-kiosk/pkg/initialize/lxde.go:46.2,46.16 1 0
github.com/grafana/grafana-kiosk/pkg/initialize/lxde.go:42.16,45.3 1 0
github.com/grafana/grafana-kiosk/pkg/initialize/lxde.go:46.16,49.17 3 0
github.com/grafana/grafana-kiosk/pkg/initialize/lxde.go:49.17,51.4 1 0
github.com/grafana/grafana-kiosk/pkg/cmd/grafana-kiosk/main.go:39.23,42.22 2 0
github.com/grafana/grafana-kiosk/pkg/cmd/grafana-kiosk/main.go:47.2,50.25 3 0
github.com/grafana/grafana-kiosk/pkg/cmd/grafana-kiosk/main.go:57.2,57.43 1 0
github.com/grafana/grafana-kiosk/pkg/cmd/grafana-kiosk/main.go:42.22,46.3 3 0
github.com/grafana/grafana-kiosk/pkg/cmd/grafana-kiosk/main.go:50.25,56.3 4 0
github.com/grafana/grafana-kiosk/pkg/cmd/grafana-kiosk/main.go:61.13,62.21 1 0
github.com/grafana/grafana-kiosk/pkg/cmd/grafana-kiosk/main.go:66.2,81.19 11 0
github.com/grafana/grafana-kiosk/pkg/cmd/grafana-kiosk/main.go:86.2,87.16 2 0
github.com/grafana/grafana-kiosk/pkg/cmd/grafana-kiosk/main.go:92.2,92.25 1 0
github.com/grafana/grafana-kiosk/pkg/cmd/grafana-kiosk/main.go:96.2,96.26 1 0
github.com/grafana/grafana-kiosk/pkg/cmd/grafana-kiosk/main.go:99.2,99.23 1 0
github.com/grafana/grafana-kiosk/pkg/cmd/grafana-kiosk/main.go:110.2,110.20 1 0
github.com/grafana/grafana-kiosk/pkg/cmd/grafana-kiosk/main.go:122.2,124.21 2 0
github.com/grafana/grafana-kiosk/pkg/cmd/grafana-kiosk/main.go:62.21,65.3 2 0
github.com/grafana/grafana-kiosk/pkg/cmd/grafana-kiosk/main.go:81.19,84.3 2 0
github.com/grafana/grafana-kiosk/pkg/cmd/grafana-kiosk/main.go:87.16,89.13 2 0
github.com/grafana/grafana-kiosk/pkg/cmd/grafana-kiosk/main.go:92.25,94.3 1 0
github.com/grafana/grafana-kiosk/pkg/cmd/grafana-kiosk/main.go:96.26,98.3 1 0
github.com/grafana/grafana-kiosk/pkg/cmd/grafana-kiosk/main.go:100.12,101.17 1 0
github.com/grafana/grafana-kiosk/pkg/cmd/grafana-kiosk/main.go:102.14,103.21 1 0
github.com/grafana/grafana-kiosk/pkg/cmd/grafana-kiosk/main.go:104.18,105.23 1 0
github.com/grafana/grafana-kiosk/pkg/cmd/grafana-kiosk/main.go:106.10,107.21 1 0
github.com/grafana/grafana-kiosk/pkg/cmd/grafana-kiosk/main.go:111.14,112.26 1 0
github.com/grafana/grafana-kiosk/pkg/cmd/grafana-kiosk/main.go:113.15,114.22 1 0
github.com/grafana/grafana-kiosk/pkg/cmd/grafana-kiosk/main.go:115.14,116.21 1 0
github.com/grafana/grafana-kiosk/pkg/cmd/grafana-kiosk/main.go:117.10,118.26 1 0
github.com/grafana/grafana-kiosk/pkg/cmd/grafana-kiosk/main.go:125.13,127.92 2 0
github.com/grafana/grafana-kiosk/pkg/cmd/grafana-kiosk/main.go:128.12,130.91 2 0
github.com/grafana/grafana-kiosk/pkg/cmd/grafana-kiosk/main.go:131.17,133.70 2 0
