mode: set
github.com/grafana/grafana-kiosk/pkg/kiosk/listen_chrome_events.go:19.71,20.54 1 0
github.com/grafana/grafana-kiosk/pkg/kiosk/listen_chrome_events.go:20.54,21.26 1 0
github.com/grafana/grafana-kiosk/pkg/kiosk/listen_chrome_events.go:22.39,23.34 1 0
github.com/grafana/grafana-kiosk/pkg/kiosk/listen_chrome_events.go:29.38,30.33 1 0
github.com/grafana/grafana-kiosk/pkg/kiosk/listen_chrome_events.go:23.34,25.33 2 0
github.com/grafana/grafana-kiosk/pkg/kiosk/listen_chrome_events.go:25.33,27.6 1 0
github.com/grafana/grafana-kiosk/pkg/kiosk/listen_chrome_events.go:30.33,32.15 2 0
github.com/grafana/grafana-kiosk/pkg/kiosk/listen_chrome_events.go:32.15,34.6 1 0
github.com/grafana/grafana-kiosk/pkg/kiosk/local_login.go:15.37,17.16 2 0
github.com/grafana/grafana-kiosk/pkg/kiosk/local_login.go:20.2,48.46 8 0
github.com/grafana/grafana-kiosk/pkg/kiosk/local_login.go:52.2,69.16 4 0
github.com/grafana/grafana-kiosk/pkg/kiosk/local_login.go:17.16,18.13 1 0
github.com/grafana/grafana-kiosk/pkg/kiosk/local_login.go:48.46,49.13 1 0
github.com/grafana/grafana-kiosk/pkg/kiosk/local_login.go:69.16,70.13 1 0
github.com/grafana/grafana-kiosk/pkg/kiosk/utils.go:9.88,13.19 3 0
github.com/grafana/grafana-kiosk/pkg/kiosk/utils.go:27.2,27.16 1 0
github.com/grafana/grafana-kiosk/pkg/kiosk/utils.go:30.2,31.13 2 0
github.com/grafana/grafana-kiosk/pkg/kiosk/utils.go:34.2,34.19 1 0
github.com/grafana/grafana-kiosk/pkg/kiosk/utils.go:14.12,16.30 2 0
github.com/grafana/grafana-kiosk/pkg/kiosk/utils.go:17.14,19.38 2 0
github.com/grafana/grafana-kiosk/pkg/kiosk/utils.go:20.18,21.36 1 0
github.com/grafana/grafana-kiosk/pkg/kiosk/utils.go:22.10,24.38 2 0
github.com/grafana/grafana-kiosk/pkg/kiosk/utils.go:27.16,29.3 1 0
github.com/grafana/grafana-kiosk/pkg/kiosk/utils.go:31.13,33.3 1 0
github.com/grafana/grafana-kiosk/pkg/cmd/grafana-kiosk/main.go:32.40,49.19 15 0
github.com/grafana/grafana-kiosk/pkg/cmd/grafana-kiosk/main.go:56.2,57.16 2 0
github.com/grafana/grafana-kiosk/pkg/cmd/grafana-kiosk/main.go:60.2,60.10 1 0
github.com/grafana/grafana-kiosk/pkg/cmd/grafana-kiosk/main.go:49.19,54.3 4 0
github.com/grafana/grafana-kiosk/pkg/cmd/grafana-kiosk/main.go:57.16,59.3 1 0
github.com/grafana/grafana-kiosk/pkg/cmd/grafana-kiosk/main.go:63.23,66.22 2 0
github.com/grafana/grafana-kiosk/pkg/cmd/grafana-kiosk/main.go:71.2,74.25 3 0
github.com/grafana/grafana-kiosk/pkg/cmd/grafana-kiosk/main.go:81.2,81.43 1 0
github.com/grafana/grafana-kiosk/pkg/cmd/grafana-kiosk/main.go:66.22,70.3 3 0
github.com/grafana/grafana-kiosk/pkg/cmd/grafana-kiosk/main.go:74.25,80.3 4 0
github.com/grafana/grafana-kiosk/pkg/cmd/grafana-kiosk/main.go:84.33,97.2 10 0
github.com/grafana/grafana-kiosk/pkg/cmd/grafana-kiosk/main.go:99.13,104.27 3 0
github.com/grafana/grafana-kiosk/pkg/cmd/grafana-kiosk/main.go:130.2,132.26 2 0
github.com/grafana/grafana-kiosk/pkg/cmd/grafana-kiosk/main.go:136.2,137.16 2 0
github.com/grafana/grafana-kiosk/pkg/cmd/grafana-kiosk/main.go:140.2,142.29 2 0
github.com/grafana/grafana-kiosk/pkg/cmd/grafana-kiosk/main.go:147.2,150.32 3 0
github.com/grafana/grafana-kiosk/pkg/cmd/grafana-kiosk/main.go:104.27,106.68 1 0
github.com/grafana/grafana-kiosk/pkg/cmd/grafana-kiosk/main.go:106.68,109.4 2 0
github.com/grafana/grafana-kiosk/pkg/cmd/grafana-kiosk/main.go:109.9,111.4 1 0
github.com/grafana/grafana-kiosk/pkg/cmd/grafana-kiosk/main.go:112.8,115.48 2 0
github.com/grafana/grafana-kiosk/pkg/cmd/grafana-kiosk/main.go:118.3,128.31 10 0
github.com/grafana/grafana-kiosk/pkg/cmd/grafana-kiosk/main.go:115.48,117.4 1 0
github.com/grafana/grafana-kiosk/pkg/cmd/grafana-kiosk/main.go:132.26,134.3 1 0
github.com/grafana/grafana-kiosk/pkg/cmd/grafana-kiosk/main.go:137.16,138.13 1 0
github.com/grafana/grafana-kiosk/pkg/cmd/grafana-kiosk/main.go:142.29,144.3 1 0
github.com/grafana/grafana-kiosk/pkg/cmd/grafana-kiosk/main.go:151.15,153.32 2 0
github.com/grafana/grafana-kiosk/pkg/cmd/grafana-kiosk/main.go:154.14,156.31 2 0
github.com/grafana/grafana-kiosk/pkg/cmd/grafana-kiosk/main.go:157.10,159.36 2 0
github.com/grafana/grafana-kiosk/pkg/initialize/lxde.go:10.24,31.2 18 0
github.com/grafana/grafana-kiosk/pkg/initialize/lxde.go:33.78,44.16 7 0
github.com/grafana/grafana-kiosk/pkg/initialize/lxde.go:48.2,48.16 1 0
github.com/grafana/grafana-kiosk/pkg/initialize/lxde.go:44.16,47.3 1 0
github.com/grafana/grafana-kiosk/pkg/initialize/lxde.go:48.16,51.17 3 0
github.com/grafana/grafana-kiosk/pkg/initialize/lxde.go:51.17,53.4 1 0
github.com/grafana/grafana-kiosk/pkg/kiosk/anonymous_login.go:14.41,16.16 2 0
github.com/grafana/grafana-kiosk/pkg/kiosk/anonymous_login.go:19.2,47.46 8 0
github.com/grafana/grafana-kiosk/pkg/kiosk/anonymous_login.go:52.2,64.16 4 0
github.com/grafana/grafana-kiosk/pkg/kiosk/anonymous_login.go:67.2,70.24 3 0
github.com/grafana/grafana-kiosk/pkg/kiosk/anonymous_login.go:16.16,17.13 1 0
github.com/grafana/grafana-kiosk/pkg/kiosk/anonymous_login.go:47.46,48.13 1 0
github.com/grafana/grafana-kiosk/pkg/kiosk/anonymous_login.go:64.16,65.13 1 0
github.com/grafana/grafana-kiosk/pkg/kiosk/grafana_com_login.go:15.36,17.16 2 0
github.com/grafana/grafana-kiosk/pkg/kiosk/grafana_com_login.go:20.2,46.46 8 0
github.com/grafana/grafana-kiosk/pkg/kiosk/grafana_com_login.go:50.2,63.16 3 0
github.com/grafana/grafana-kiosk/pkg/kiosk/grafana_com_login.go:67.2,74.16 2 0
github.com/grafana/grafana-kiosk/pkg/kiosk/grafana_com_login.go:17.16,18.13 1 0
github.com/grafana/grafana-kiosk/pkg/kiosk/grafana_com_login.go:46.46,47.13 1 0
github.com/grafana/grafana-kiosk/pkg/kiosk/grafana_com_login.go:63.16,64.13 1 0
github.com/grafana/grafana-kiosk/pkg/kiosk/grafana_com_login.go:74.16,75.13 1 0
github.com/grafana/grafana-kiosk/pkg/kiosk/grafana_com_login.go:15.36,17.16 2 0
github.com/grafana/grafana-kiosk/pkg/kiosk/grafana_com_login.go:20.2,46.46 8 0
github.com/grafana/grafana-kiosk/pkg/kiosk/grafana_com_login.go:50.2,63.16 3 0
github.com/grafana/grafana-kiosk/pkg/kiosk/grafana_com_login.go:67.2,74.16 2 0
github.com/grafana/grafana-kiosk/pkg/kiosk/grafana_com_login.go:17.16,18.13 1 0
github.com/grafana/grafana-kiosk/pkg/kiosk/grafana_com_login.go:46.46,47.13 1 0
github.com/grafana/grafana-kiosk/pkg/kiosk/grafana_com_login.go:63.16,64.13 1 0
github.com/grafana/grafana-kiosk/pkg/kiosk/grafana_com_login.go:74.16,75.13 1 0
github.com/grafana/grafana-kiosk/pkg/kiosk/listen_chrome_events.go:19.71,20.54 1 0
github.com/grafana/grafana-kiosk/pkg/kiosk/listen_chrome_events.go:20.54,21.26 1 0
github.com/grafana/grafana-kiosk/pkg/kiosk/listen_chrome_events.go:22.39,23.34 1 0
github.com/grafana/grafana-kiosk/pkg/kiosk/listen_chrome_events.go:29.38,30.33 1 0
github.com/grafana/grafana-kiosk/pkg/kiosk/listen_chrome_events.go:23.34,25.33 2 0
github.com/grafana/grafana-kiosk/pkg/kiosk/listen_chrome_events.go:25.33,27.6 1 0
github.com/grafana/grafana-kiosk/pkg/kiosk/listen_chrome_events.go:30.33,32.15 2 0
github.com/grafana/grafana-kiosk/pkg/kiosk/listen_chrome_events.go:32.15,34.6 1 0
github.com/grafana/grafana-kiosk/pkg/kiosk/local_login.go:15.37,17.16 2 0
github.com/grafana/grafana-kiosk/pkg/kiosk/local_login.go:20.2,48.46 8 0
github.com/grafana/grafana-kiosk/pkg/kiosk/local_login.go:52.2,69.16 4 0
github.com/grafana/grafana-kiosk/pkg/kiosk/local_login.go:17.16,18.13 1 0
github.com/grafana/grafana-kiosk/pkg/kiosk/local_login.go:48.46,49.13 1 0
github.com/grafana/grafana-kiosk/pkg/kiosk/local_login.go:69.16,70.13 1 0
github.com/grafana/grafana-kiosk/pkg/kiosk/utils.go:9.88,13.19 3 0
github.com/grafana/grafana-kiosk/pkg/kiosk/utils.go:27.2,27.16 1 0
github.com/grafana/grafana-kiosk/pkg/kiosk/utils.go:30.2,31.13 2 0
github.com/grafana/grafana-kiosk/pkg/kiosk/utils.go:34.2,34.19 1 0
github.com/grafana/grafana-kiosk/pkg/kiosk/utils.go:14.12,16.30 2 0
github.com/grafana/grafana-kiosk/pkg/kiosk/utils.go:17.14,19.38 2 0
github.com/grafana/grafana-kiosk/pkg/kiosk/utils.go:20.18,21.36 1 0
github.com/grafana/grafana-kiosk/pkg/kiosk/utils.go:22.10,24.38 2 0
github.com/grafana/grafana-kiosk/pkg/kiosk/utils.go:27.16,29.3 1 0
github.com/grafana/grafana-kiosk/pkg/kiosk/utils.go:31.13,33.3 1 0
github.com/grafana/grafana-kiosk/pkg/cmd/grafana-kiosk/main.go:32.40,49.19 15 0
github.com/grafana/grafana-kiosk/pkg/cmd/grafana-kiosk/main.go:56.2,57.16 2 0
github.com/grafana/grafana-kiosk/pkg/cmd/grafana-kiosk/main.go:60.2,60.10 1 0
github.com/grafana/grafana-kiosk/pkg/cmd/grafana-kiosk/main.go:49.19,54.3 4 0
github.com/grafana/grafana-kiosk/pkg/cmd/grafana-kiosk/main.go:57.16,59.3 1 0
github.com/grafana/grafana-kiosk/pkg/cmd/grafana-kiosk/main.go:63.23,66.22 2 0
github.com/grafana/grafana-kiosk/pkg/cmd/grafana-kiosk/main.go:71.2,74.25 3 0
github.com/grafana/grafana-kiosk/pkg/cmd/grafana-kiosk/main.go:81.2,81.43 1 0
github.com/grafana/grafana-kiosk/pkg/cmd/grafana-kiosk/main.go:66.22,70.3 3 0
github.com/grafana/grafana-kiosk/pkg/cmd/grafana-kiosk/main.go:74.25,80.3 4 0
github.com/grafana/grafana-kiosk/pkg/cmd/grafana-kiosk/main.go:84.33,97.2 10 0
github.com/grafana/grafana-kiosk/pkg/cmd/grafana-kiosk/main.go:99.13,104.27 3 0
github.com/grafana/grafana-kiosk/pkg/cmd/grafana-kiosk/main.go:130.2,132.26 2 0
github.com/grafana/grafana-kiosk/pkg/cmd/grafana-kiosk/main.go:136.2,137.16 2 0
github.com/grafana/grafana-kiosk/pkg/cmd/grafana-kiosk/main.go:140.2,142.29 2 0
github.com/grafana/grafana-kiosk/pkg/cmd/grafana-kiosk/main.go:147.2,150.32 3 0
github.com/grafana/grafana-kiosk/pkg/cmd/grafana-kiosk/main.go:104.27,106.68 1 0
github.com/grafana/grafana-kiosk/pkg/cmd/grafana-kiosk/main.go:106.68,109.4 2 0
github.com/grafana/grafana-kiosk/pkg/cmd/grafana-kiosk/main.go:109.9,111.4 1 0
github.com/grafana/grafana-kiosk/pkg/cmd/grafana-kiosk/main.go:112.8,115.48 2 0
github.com/grafana/grafana-kiosk/pkg/cmd/grafana-kiosk/main.go:118.3,128.31 10 0
github.com/grafana/grafana-kiosk/pkg/cmd/grafana-kiosk/main.go:115.48,117.4 1 0
github.com/grafana/grafana-kiosk/pkg/cmd/grafana-kiosk/main.go:132.26,134.3 1 0
github.com/grafana/grafana-kiosk/pkg/cmd/grafana-kiosk/main.go:137.16,138.13 1 0
github.com/grafana/grafana-kiosk/pkg/cmd/grafana-kiosk/main.go:142.29,144.3 1 0
github.com/grafana/grafana-kiosk/pkg/cmd/grafana-kiosk/main.go:151.15,153.32 2 0
github.com/grafana/grafana-kiosk/pkg/cmd/grafana-kiosk/main.go:154.14,156.31 2 0
github.com/grafana/grafana-kiosk/pkg/cmd/grafana-kiosk/main.go:157.10,159.36 2 0
github.com/grafana/grafana-kiosk/pkg/initialize/lxde.go:10.24,31.2 18 0
github.com/grafana/grafana-kiosk/pkg/initialize/lxde.go:33.78,44.16 7 0
github.com/grafana/grafana-kiosk/pkg/initialize/lxde.go:48.2,48.16 1 0
github.com/grafana/grafana-kiosk/pkg/initialize/lxde.go:44.16,47.3 1 0
github.com/grafana/grafana-kiosk/pkg/initialize/lxde.go:48.16,51.17 3 0
github.com/grafana/grafana-kiosk/pkg/initialize/lxde.go:51.17,53.4 1 0
github.com/grafana/grafana-kiosk/pkg/kiosk/anonymous_login.go:14.41,16.16 2 0
github.com/grafana/grafana-kiosk/pkg/kiosk/anonymous_login.go:19.2,47.46 8 0
github.com/grafana/grafana-kiosk/pkg/kiosk/anonymous_login.go:52.2,64.16 4 0
github.com/grafana/grafana-kiosk/pkg/kiosk/anonymous_login.go:67.2,70.24 3 0
github.com/grafana/grafana-kiosk/pkg/kiosk/anonymous_login.go:16.16,17.13 1 0
github.com/grafana/grafana-kiosk/pkg/kiosk/anonymous_login.go:47.46,48.13 1 0
github.com/grafana/grafana-kiosk/pkg/kiosk/anonymous_login.go:64.16,65.13 1 0
